0 info it worked if it ends with ok
1 verbose cli [ '/usr/local/bin/node', '/usr/local/bin/npm', 'run', 'example' ]
2 info using npm@3.9.5
3 info using node@v6.2.2
4 verbose run-script [ 'preexample', 'example', 'postexample' ]
5 info lifecycle react-raphael-chart@0.7.4~preexample: react-raphael-chart@0.7.4
6 silly lifecycle react-raphael-chart@0.7.4~preexample: no script for preexample, continuing
7 info lifecycle react-raphael-chart@0.7.4~example: react-raphael-chart@0.7.4
8 verbose lifecycle react-raphael-chart@0.7.4~example: unsafe-perm in lifecycle true
9 verbose lifecycle react-raphael-chart@0.7.4~example: PATH: /usr/local/lib/node_modules/npm/bin/node-gyp-bin:/Users/liuhong/workdir/react-raphael-chart/node_modules/.bin:/usr/local/bin:/usr/local/bin:/usr/bin:/bin:/usr/sbin:/sbin:/usr/local/opt/go/libexec/bin:/Users/liuhong/gopath/bin:/usr/local/Cellar/qt/4.8.7_1/bin:/Users/liuhong/.rvm/bin
10 verbose lifecycle react-raphael-chart@0.7.4~example: CWD: /Users/liuhong/workdir/react-raphael-chart
11 silly lifecycle react-raphael-chart@0.7.4~example: Args: [ '-c',
11 silly lifecycle   'webpack-dev-server --devtool eval --progress --hot --host 0.0.0.0 --config webpack.example.config.js' ]
12 silly lifecycle react-raphael-chart@0.7.4~example: Returned: code: 1  signal: null
13 info lifecycle react-raphael-chart@0.7.4~example: Failed to exec example script
14 verbose stack Error: react-raphael-chart@0.7.4 example: `webpack-dev-server --devtool eval --progress --hot --host 0.0.0.0 --config webpack.example.config.js`
14 verbose stack Exit status 1
14 verbose stack     at EventEmitter.<anonymous> (/usr/local/lib/node_modules/npm/lib/utils/lifecycle.js:245:16)
14 verbose stack     at emitTwo (events.js:106:13)
14 verbose stack     at EventEmitter.emit (events.js:191:7)
14 verbose stack     at ChildProcess.<anonymous> (/usr/local/lib/node_modules/npm/lib/utils/spawn.js:24:14)
14 verbose stack     at emitTwo (events.js:106:13)
14 verbose stack     at ChildProcess.emit (events.js:191:7)
14 verbose stack     at maybeClose (internal/child_process.js:852:16)
14 verbose stack     at Process.ChildProcess._handle.onexit (internal/child_process.js:215:5)
15 verbose pkgid react-raphael-chart@0.7.4
16 verbose cwd /Users/liuhong/workdir/react-raphael-chart
17 error Darwin 15.3.0
18 error argv "/usr/local/bin/node" "/usr/local/bin/npm" "run" "example"
19 error node v6.2.2
20 error npm  v3.9.5
21 error code ELIFECYCLE
22 error react-raphael-chart@0.7.4 example: `webpack-dev-server --devtool eval --progress --hot --host 0.0.0.0 --config webpack.example.config.js`
22 error Exit status 1
23 error Failed at the react-raphael-chart@0.7.4 example script 'webpack-dev-server --devtool eval --progress --hot --host 0.0.0.0 --config webpack.example.config.js'.
23 error Make sure you have the latest version of node.js and npm installed.
23 error If you do, this is most likely a problem with the react-raphael-chart package,
23 error not with npm itself.
23 error Tell the author that this fails on your system:
23 error     webpack-dev-server --devtool eval --progress --hot --host 0.0.0.0 --config webpack.example.config.js
23 error You can get information on how to open an issue for this project with:
23 error     npm bugs react-raphael-chart
23 error Or if that isn't available, you can get their info via:
23 error     npm owner ls react-raphael-chart
23 error There is likely additional logging output above.
24 verbose exit [ 1, true ]
